[debug] [2022-09-25T14:08:26.215Z] ----------------------------------------------------------------------
[debug] [2022-09-25T14:08:26.217Z] Command:       /home/uday/.nvm/versions/node/v16.17.0/bin/node /home/uday/.nvm/versions/node/v16.17.0/bin/firebase deploy
[debug] [2022-09-25T14:08:26.217Z] CLI Version:   11.10.0
[debug] [2022-09-25T14:08:26.217Z] Platform:      linux
[debug] [2022-09-25T14:08:26.217Z] Node Version:  v16.17.0
[debug] [2022-09-25T14:08:26.218Z] Time:          Sun Sep 25 2022 19:38:26 GMT+0530 (India Standard Time)
[debug] [2022-09-25T14:08:26.218Z] ----------------------------------------------------------------------
[debug] 
[debug] [2022-09-25T14:08:26.286Z] > command requires scopes: ["email","openid","https://www.googleapis.com/auth/cloudplatformprojects.readonly","https://www.googleapis.com/auth/firebase","https://www.googleapis.com/auth/cloud-platform"]
[debug] [2022-09-25T14:08:26.287Z] > authorizing via signed-in user (yadav117uday@gmail.com)
[debug] [2022-09-25T14:08:26.287Z] [iam] checking project uday-yadav for permissions ["firebase.projects.get","firebasehosting.sites.update"]
[debug] [2022-09-25T14:08:26.289Z] >>> [apiv2][query] POST https://cloudresourcemanager.googleapis.com/v1/projects/uday-yadav:testIamPermissions [none]
[debug] [2022-09-25T14:08:26.290Z] >>> [apiv2][(partial)header] POST https://cloudresourcemanager.googleapis.com/v1/projects/uday-yadav:testIamPermissions x-goog-quota-user=projects/uday-yadav
[debug] [2022-09-25T14:08:26.290Z] >>> [apiv2][body] POST https://cloudresourcemanager.googleapis.com/v1/projects/uday-yadav:testIamPermissions {"permissions":["firebase.projects.get","firebasehosting.sites.update"]}
[debug] [2022-09-25T14:08:28.153Z] <<< [apiv2][status] POST https://cloudresourcemanager.googleapis.com/v1/projects/uday-yadav:testIamPermissions 200
[debug] [2022-09-25T14:08:28.153Z] <<< [apiv2][body] POST https://cloudresourcemanager.googleapis.com/v1/projects/uday-yadav:testIamPermissions {"permissions":["firebase.projects.get","firebasehosting.sites.update"]}
[debug] [2022-09-25T14:08:28.155Z] >>> [apiv2][query] GET https://firebase.googleapis.com/v1beta1/projects/uday-yadav [none]
[debug] [2022-09-25T14:08:28.970Z] <<< [apiv2][status] GET https://firebase.googleapis.com/v1beta1/projects/uday-yadav 200
[debug] [2022-09-25T14:08:28.971Z] <<< [apiv2][body] GET https://firebase.googleapis.com/v1beta1/projects/uday-yadav {"projectId":"uday-yadav","projectNumber":"738163119457","displayName":"uday-yadav","name":"projects/uday-yadav","resources":{"hostingSite":"uday-yadav","realtimeDatabaseInstance":"uday-yadav","storageBucket":"uday-yadav.appspot.com","locationId":"us-central"},"state":"ACTIVE","etag":"1_fea01a25-8647-45d7-9569-f52750dab33f"}
[info] 
[info] === Deploying to 'uday-yadav'...
[info] 
[info] i  deploying hosting 
[debug] [2022-09-25T14:08:28.977Z] >>> [apiv2][query] GET https://firebase.googleapis.com/v1beta1/projects/uday-yadav [none]
[debug] [2022-09-25T14:08:29.584Z] <<< [apiv2][status] GET https://firebase.googleapis.com/v1beta1/projects/uday-yadav 200
[debug] [2022-09-25T14:08:29.584Z] <<< [apiv2][body] GET https://firebase.googleapis.com/v1beta1/projects/uday-yadav {"projectId":"uday-yadav","projectNumber":"738163119457","displayName":"uday-yadav","name":"projects/uday-yadav","resources":{"hostingSite":"uday-yadav","realtimeDatabaseInstance":"uday-yadav","storageBucket":"uday-yadav.appspot.com","locationId":"us-central"},"state":"ACTIVE","etag":"1_fea01a25-8647-45d7-9569-f52750dab33f"}
[debug] [2022-09-25T14:08:29.588Z] >>> [apiv2][query] POST https://firebasehosting.googleapis.com/v1beta1/projects/738163119457/sites/uday-yadav/versions [none]
[debug] [2022-09-25T14:08:29.589Z] >>> [apiv2][body] POST https://firebasehosting.googleapis.com/v1beta1/projects/738163119457/sites/uday-yadav/versions {"config":{"rewrites":[{"glob":"**","path":"/index.html"}]},"labels":{"deployment-tool":"cli-firebase"}}
